<?xml version="1.0" encoding="UTF-8"?>
<testng-results ignored="0" total="1" passed="1" failed="0" skipped="0">
  <reporter-output>
  </reporter-output>
  <suite started-at="2024-09-19T12:34:58 IST" name="Default suite" finished-at="2024-09-19T12:36:15 IST" duration-ms="77378">
    <groups>
    </groups>
    <test started-at="2024-09-19T12:34:58 IST" name="Default test" finished-at="2024-09-19T12:36:15 IST" duration-ms="77378">
      <class name="WebApp.WebTest">
        <test-method is-config="true" signature="setup()[pri:0, instance:WebApp.WebTest@1807e3f6]" started-at="2024-09-19T12:34:58 IST" name="setup" finished-at="2024-09-19T12:36:02 IST" duration-ms="64381" status="PASS">
          <reporter-output>
          </reporter-output>
        </test-method> <!-- setup -->
        <test-method signature="web1()[pri:0, instance:WebApp.WebTest@1807e3f6]" started-at="2024-09-19T12:36:02 IST" name="web1" finished-at="2024-09-19T12:36:15 IST" duration-ms="12672" status="PASS">
          <reporter-output>
          </reporter-output>
        </test-method> <!-- web1 -->
      </class> <!-- WebApp.WebTest -->
    </test> <!-- Default test -->
  </suite> <!-- Default suite -->
</testng-results>
